<?xml version="1.0" encoding="UTF-8"?>
<!-- Generated by org.testng.reporters.JUnitReportReporter -->
<testsuite hostname="DESKTOP-K3EGA05" name="projectTask.EcommerceUsingDataProvider" tests="8" failures="0" timestamp="6 Aug 2020 04:35:05 GMT" time="106.654" errors="0">
  <testcase name="MobilePhone" time="14.787" classname="projectTask.EcommerceUsingDataProvider"/>
  <testcase name="MobilePhone" time="14.554" classname="projectTask.EcommerceUsingDataProvider"/>
  <testcase name="MobilePhone" time="13.377" classname="projectTask.EcommerceUsingDataProvider"/>
  <testcase name="MobilePhone" time="11.949" classname="projectTask.EcommerceUsingDataProvider"/>
  <testcase name="MobilePhone" time="12.213" classname="projectTask.EcommerceUsingDataProvider"/>
  <testcase name="MobilePhone" time="12.760" classname="projectTask.EcommerceUsingDataProvider"/>
  <testcase name="MobilePhone" time="14.458" classname="projectTask.EcommerceUsingDataProvider"/>
  <testcase name="MobilePhone" time="12.556" classname="projectTask.EcommerceUsingDataProvider"/>
</testsuite> <!-- projectTask.EcommerceUsingDataProvider -->
